<?xml version="1.0" encoding="UTF-8"?>
<!-- Generated by org.testng.reporters.JUnitReportReporter -->
<testsuite hostname="DESKTOP-HERMSHJ" failures="0" tests="1" name="mvndemoss.Mytest" time="54.366" errors="0" timestamp="2022-10-31T00:35:53 IST" skipped="0">
  <testcase classname="mvndemoss.Mytest" name="ebayee" time="54.366"/>
  <system-out/>
</testsuite> <!-- mvndemoss.Mytest -->
